Service Registrar: 26238f02-42e8-4fa5-a847-dfabb1bf111b
Java Space found.
TransactionManager found.
coin(position(8, 6), 0, a1)
c1
create entry coin [position(8, 6), 0, a1]
cargo(position(1, 1), 0)
t1
create entry cargo [position(1, 1), 0]
coin(position(16, 6), 0, a2)
c1
create entry coin [position(16, 6), 0, a2]
status(position(0, 1), 0)
a1
org notified 
org notified 
org notified 
org notified 
org notified 
status(position(0, 1), 0)
a3
status(position(0, 1), 0)
a2
status(position(1, 2), 0)
t1
obligation([cargo(_, _, _)], 10, [reduce_100(t1)])
t1
create entry obligation [[cargo(_, _, _)], 10, [reduce_100(t1)]]
coin(position(3, 9), 0, a3)
c1
create entry coin [position(3, 9), 0, a3]
status(position(0, 2), 0)
a1
status(position(0, 2), 0)
a3
status(position(0, 2), 0)
a2
status(position(0, 3), 0)
a1
status(position(0, 3), 0)
a3
status(position(0, 3), 0)
a2
status(position(0, 4), 0)
a1
prohibition([cargo(_, _, 1)], [reduce_100(t1)])
t1
create entry prohibition [[cargo(_, _, 1)], [reduce_100(t1)]]
prohibition([at(5, 5, t1)], [reduce_300(t1)])
t1
create entry prohibition [[at(5, 5, t1)], [reduce_300(t1)]]
prohibition([at(5, 6, t1)], [reduce_300(t1)])
t1
create entry prohibition [[at(5, 6, t1)], [reduce_300(t1)]]
prohibition([at(6, 5, t1)], [reduce_300(t1)])
t1
create entry prohibition [[at(6, 5, t1)], [reduce_300(t1)]]
prohibition([at(6, 6, t1)], [reduce_300(t1)])
t1
create entry prohibition [[at(6, 6, t1)], [reduce_300(t1)]]
status(position(0, 4), 0)
a3
status(position(0, 4), 0)
a2
status(position(0, 5), 0)
a1
java.lang.ClassCastException: apapl.data.APLIdent cannot be cast to apapl.data.APLFunction
	at envJavaSpace.SpaceTest.notifyAgent(SpaceTest.java:1057)
	at envJavaSpace.AgentHandler.notify(AgentHandler.java:55)
	at sun.reflect.NativeMethodAccessorImpl.invoke0(Native Method)
	at sun.reflect.NativeMethodAccessorImpl.invoke(NativeMethodAccessorImpl.java:39)
	at sun.reflect.DelegatingMethodAccessorImpl.invoke(DelegatingMethodAccessorImpl.java:25)
	at java.lang.reflect.Method.invoke(Method.java:597)
	at sun.rmi.server.UnicastServerRef.dispatch(UnicastServerRef.java:303)
	at sun.rmi.transport.Transport$1.run(Transport.java:159)
	at java.security.AccessController.doPrivileged(Native Method)
	at sun.rmi.transport.Transport.serviceCall(Transport.java:155)
	at sun.rmi.transport.tcp.TCPTransport.handleMessages(TCPTransport.java:535)
	at sun.rmi.transport.tcp.TCPTransport$ConnectionHandler.run0(TCPTransport.java:790)
	at sun.rmi.transport.tcp.TCPTransport$ConnectionHandler.run(TCPTransport.java:649)
	at java.util.concurrent.ThreadPoolExecutor$Worker.runTask(ThreadPoolExecutor.java:886)
	at java.util.concurrent.ThreadPoolExecutor$Worker.run(ThreadPoolExecutor.java:908)
	at java.lang.Thread.run(Thread.java:680)
status(position(0, 5), 0)
a3
status(position(0, 5), 0)
a2
status(position(0, 6), 0)
a1
prohibition([coin(5, 5, _, a1)], [reduce_300(c1)])
c1
create entry prohibition [[coin(5, 5, _, a1)], [reduce_300(c1)]]
prohibition([coin(5, 6, _, a1)], [reduce_300(c1)])
c1
create entry prohibition [[coin(5, 6, _, a1)], [reduce_300(c1)]]
prohibition([coin(6, 5, _, a1)], [reduce_300(c1)])
c1
create entry prohibition [[coin(6, 5, _, a1)], [reduce_300(c1)]]
prohibition([coin(6, 6, _, a1)], [reduce_300(c1)])
c1
create entry prohibition [[coin(6, 6, _, a1)], [reduce_300(c1)]]
prohibition([coin(5, 5, _, a2)], [reduce_300(c1)])
c1
create entry prohibition [[coin(5, 5, _, a2)], [reduce_300(c1)]]
prohibition([coin(5, 6, _, a2)], [reduce_300(c1)])
c1
create entry prohibition [[coin(5, 6, _, a2)], [reduce_300(c1)]]
prohibition([coin(6, 5, _, a2)], [reduce_300(c1)])
c1
create entry prohibition [[coin(6, 5, _, a2)], [reduce_300(c1)]]
prohibition([coin(6, 6, _, a2)], [reduce_300(c1)])
c1
create entry prohibition [[coin(6, 6, _, a2)], [reduce_300(c1)]]
prohibition([coin(5, 5, _, a3)], [reduce_300(c1)])
c1
create entry prohibition [[coin(5, 5, _, a3)], [reduce_300(c1)]]
prohibition([coin(5, 6, _, a3)], [reduce_300(c1)])
c1
create entry prohibition [[coin(5, 6, _, a3)], [reduce_300(c1)]]
prohibition([coin(6, 5, _, a3)], [reduce_300(c1)])
c1
create entry prohibition [[coin(6, 5, _, a3)], [reduce_300(c1)]]
prohibition([coin(6, 6, _, a3)], [reduce_300(c1)])
c1
create entry prohibition [[coin(6, 6, _, a3)], [reduce_300(c1)]]
status(position(0, 6), 0)
a3
status(position(0, 6), 0)
a2
status(position(0, 7), 0)
a1
status(position(0, 7), 0)
a3
status(position(0, 7), 0)
a2
status(position(0, 8), 0)
a1
status(position(0, 8), 0)
a3
status(position(0, 8), 0)
a2
status(position(0, 9), 0)
a1
prohibition([at(5, 5, a1)], [reduce_300(a1)])
a1
create entry prohibition [[at(5, 5, a1)], [reduce_300(a1)]]
prohibition([at(5, 6, a1)], [reduce_300(a1)])
a1
create entry prohibition [[at(5, 6, a1)], [reduce_300(a1)]]
prohibition([at(6, 5, a1)], [reduce_300(a1)])
a1
create entry prohibition [[at(6, 5, a1)], [reduce_300(a1)]]
prohibition([at(6, 6, a1)], [reduce_300(a1)])
a1
create entry prohibition [[at(6, 6, a1)], [reduce_300(a1)]]
prohibition([at(5, 5, a2)], [reduce_300(a2)])
a2
create entry prohibition [[at(5, 5, a2)], [reduce_300(a2)]]
prohibition([at(5, 6, a2)], [reduce_300(a2)])
a2
create entry prohibition [[at(5, 6, a2)], [reduce_300(a2)]]
prohibition([at(6, 5, a2)], [reduce_300(a2)])
a2
create entry prohibition [[at(6, 5, a2)], [reduce_300(a2)]]
prohibition([at(6, 6, a2)], [reduce_300(a2)])
a2
create entry prohibition [[at(6, 6, a2)], [reduce_300(a2)]]
prohibition([at(5, 5, a3)], [reduce_300(a3)])
a3
create entry prohibition [[at(5, 5, a3)], [reduce_300(a3)]]
prohibition([at(5, 6, a3)], [reduce_300(a3)])
a3
create entry prohibition [[at(5, 6, a3)], [reduce_300(a3)]]
prohibition([at(6, 5, a3)], [reduce_300(a3)])
a3
create entry prohibition [[at(6, 5, a3)], [reduce_300(a3)]]
prohibition([at(6, 6, a3)], [reduce_300(a3)])
a3
create entry prohibition [[at(6, 6, a3)], [reduce_300(a3)]]
status(position(0, 9), 0)
a3
status(position(0, 9), 0)
a2
status(position(0, 10), 0)
a1
status(position(0, 10), 0)
a3
status(position(0, 10), 0)
a2
status(position(1, 10), 0)
a1
status(position(1, 10), 0)
a3
status(position(1, 10), 0)
a2
status(position(2, 10), 0)
a1
status(position(2, 10), 0)
a3
status(position(2, 10), 0)
a2
status(position(3, 10), 0)
a1
status(position(3, 10), 0)
a3
status(position(3, 10), 0)
a2
status(position(4, 10), 0)
a1
status(position(4, 10), 0)
a3
status(position(4, 10), 0)
a2
status(position(5, 10), 0)
a1
status(position(5, 10), 0)
a3
status(position(5, 10), 0)
a2
status(position(6, 10), 0)
a1
status(position(6, 10), 0)
a3
status(position(6, 10), 0)
a2
status(position(7, 10), 0)
a1
status(position(7, 10), 0)
a3
status(position(7, 10), 0)
a2
status(position(8, 10), 0)
a1
status(position(8, 10), 0)
a3
status(position(8, 10), 0)
a2
status(position(9, 10), 0)
a1
status(position(9, 10), 0)
a3
status(position(9, 10), 0)
a2
status(position(10, 10), 0)
a1
status(position(10, 10), 0)
a3
status(position(10, 10), 0)
a2
org notified 
obligation([cargo(_, _, _)], 10, [reduce_100(t1)])
t1
create entry obligation [[cargo(_, _, _)], 10, [reduce_100(t1)]]
